2023-12-13T12:55:32.790Z - info: Initialization success.
2023-12-13T12:56:58.835Z - info: Website generation started at 下午8:56:58
2023-12-13T12:56:58.893Z - info: Building assets...
2023-12-13T12:56:58.905Z - info: Assets built
2023-12-13T12:56:58.906Z - info: Generating pages...
2023-12-13T12:56:59.119Z - info: Pages built
2023-12-13T12:56:59.244Z - info: Site data built
2023-12-13T12:56:59.244Z - info: Website generation complete! Total build time: 0.426s
2023-12-13T12:56:59.265Z - info: Serving "C:\Users\ohwei\OneDrive\Documents\Project\Leetcode\_site" at http://127.0.0.1:8080
2023-12-13T12:56:59.266Z - info: Press CTRL+C to stop ...
2023-12-13T12:57:39.804Z - info: [下午8:57:39] Reload for file change: C:\Users\ohwei\OneDrive\Documents\Project\Leetcode\contents\topic1.md
2023-12-13T12:57:40.818Z - info: Rebuilding 1 pages
2023-12-13T12:57:40.841Z - info: Site data built
2023-12-13T12:57:40.842Z - info: Pages rebuilt
2023-12-13T12:57:40.842Z - info: Website regeneration complete! Total build time: 0.024s
2023-12-13T12:59:16.129Z - info: [下午8:59:16] Reload for file change: C:\Users\ohwei\OneDrive\Documents\Project\Leetcode\index.md
2023-12-13T12:59:17.132Z - info: Rebuilding 1 pages
2023-12-13T12:59:17.159Z - info: Site data built
2023-12-13T12:59:17.159Z - info: Pages rebuilt
2023-12-13T12:59:17.159Z - info: Website regeneration complete! Total build time: 0.028s
2023-12-13T13:00:44.903Z - info: [下午9:00:44] Reload for file add: C:\Users\ohwei\OneDrive\Documents\Project\Leetcode\contents\topic4.md
2023-12-13T13:00:45.920Z - info: Pages or site config modified, updating pages...
2023-12-13T13:00:46.928Z - warn: Rebuilding all pages...
2023-12-13T13:00:46.928Z - info: Generating pages...
2023-12-13T13:00:47.032Z - info: Pages built
2023-12-13T13:01:05.532Z - info: [下午9:01:05] Reload for file change: C:\Users\ohwei\OneDrive\Documents\Project\Leetcode\contents\topic4.md
2023-12-13T13:01:06.536Z - info: Rebuilding 1 pages
2023-12-13T13:01:06.552Z - info: Site data built
2023-12-13T13:01:06.552Z - info: Pages rebuilt
2023-12-13T13:01:06.552Z - info: Website regeneration complete! Total build time: 0.016s
2023-12-13T13:03:13.543Z - info: Website generation started at 下午9:03:13
2023-12-13T13:03:13.592Z - info: Building assets...
2023-12-13T13:03:13.603Z - info: Assets built
2023-12-13T13:03:13.603Z - info: Generating pages...
2023-12-13T13:03:13.763Z - info: Pages built
2023-12-13T13:03:13.873Z - info: Site data built
2023-12-13T13:03:13.873Z - info: Website generation complete! Total build time: 0.379s
2023-12-13T13:03:13.893Z - info: Serving "C:\Users\ohwei\OneDrive\Documents\Project\Leetcode\_site" at http://127.0.0.1:8080
2023-12-13T13:03:13.893Z - info: Press CTRL+C to stop ...
2023-12-13T13:05:29.085Z - info: [下午9:05:29] Reload for file change: C:\Users\ohwei\OneDrive\Documents\Project\Leetcode\index.md
2023-12-13T13:05:30.094Z - info: Rebuilding 1 pages
2023-12-13T13:05:30.152Z - info: Site data built
2023-12-13T13:05:30.152Z - info: Pages rebuilt
2023-12-13T13:05:30.152Z - info: Website regeneration complete! Total build time: 0.058s
2023-12-13T13:12:04.726Z - info: [下午9:12:04] Reload for file change: C:\Users\ohwei\OneDrive\Documents\Project\Leetcode\_markbind\layouts\default.md
2023-12-13T13:12:05.749Z - info: Rebuilding 6 pages
2023-12-13T13:12:05.844Z - info: Site data built
2023-12-13T13:12:05.844Z - info: Pages rebuilt
2023-12-13T13:12:05.845Z - info: Website regeneration complete! Total build time: 0.095s
2023-12-13T13:12:28.986Z - info: [下午9:12:28] Reload for file change: C:\Users\ohwei\OneDrive\Documents\Project\Leetcode\_markbind\layouts\default.md
2023-12-13T13:12:29.998Z - info: Rebuilding 6 pages
2023-12-13T13:12:30.088Z - info: Site data built
2023-12-13T13:12:30.088Z - info: Pages rebuilt
2023-12-13T13:12:30.088Z - info: Website regeneration complete! Total build time: 0.09s
2023-12-13T13:12:54.712Z - info: [下午9:12:54] Reload for file change: C:\Users\ohwei\OneDrive\Documents\Project\Leetcode\contents\topic4.md
2023-12-13T13:12:55.726Z - info: Rebuilding 1 pages
2023-12-13T13:12:55.746Z - info: Site data built
2023-12-13T13:12:55.746Z - info: Pages rebuilt
2023-12-13T13:12:55.746Z - info: Website regeneration complete! Total build time: 0.02s
2023-12-13T13:36:59.145Z - info: [下午9:36:59] Reload for file change: C:\Users\ohwei\OneDrive\Documents\Project\Leetcode\_markbind\layouts\default.md
2023-12-13T13:37:00.161Z - info: Rebuilding 6 pages
2023-12-13T13:37:00.258Z - info: Site data built
2023-12-13T13:37:00.258Z - info: Pages rebuilt
2023-12-13T13:37:00.259Z - info: Website regeneration complete! Total build time: 0.098s
2023-12-13T13:37:36.464Z - info: [下午9:37:36] Reload for file change: C:\Users\ohwei\OneDrive\Documents\Project\Leetcode\_markbind\layouts\default.md
2023-12-13T13:37:37.481Z - info: Rebuilding 6 pages
2023-12-13T13:37:37.568Z - info: Site data built
2023-12-13T13:37:37.569Z - info: Pages rebuilt
2023-12-13T13:37:37.569Z - info: Website regeneration complete! Total build time: 0.089s
2023-12-13T13:38:35.688Z - info: [下午9:38:35] Reload for file change: C:\Users\ohwei\OneDrive\Documents\Project\Leetcode\_markbind\layouts\default.md
2023-12-13T13:38:36.694Z - info: Rebuilding 6 pages
2023-12-13T13:38:36.770Z - info: Site data built
2023-12-13T13:38:36.770Z - info: Pages rebuilt
2023-12-13T13:38:36.771Z - info: Website regeneration complete! Total build time: 0.076s
2023-12-13T13:39:22.911Z - info: [下午9:39:22] Reload for file change: C:\Users\ohwei\OneDrive\Documents\Project\Leetcode\index.md
2023-12-13T13:39:23.925Z - info: Rebuilding 1 pages
2023-12-13T13:39:23.940Z - info: Site data built
2023-12-13T13:39:23.940Z - info: Pages rebuilt
2023-12-13T13:39:23.941Z - info: Website regeneration complete! Total build time: 0.015s
2023-12-13T13:39:38.236Z - info: [下午9:39:38] Reload for file change: C:\Users\ohwei\OneDrive\Documents\Project\Leetcode\index.md
2023-12-13T13:39:39.240Z - info: Rebuilding 1 pages
2023-12-13T13:39:39.255Z - info: Site data built
2023-12-13T13:39:39.255Z - info: Pages rebuilt
2023-12-13T13:39:39.255Z - info: Website regeneration complete! Total build time: 0.015s
2023-12-13T13:40:06.360Z - info: [下午9:40:06] Reload for file change: C:\Users\ohwei\OneDrive\Documents\Project\Leetcode\index.md
2023-12-13T13:40:07.372Z - info: Rebuilding 1 pages
2023-12-13T13:40:07.386Z - info: Site data built
2023-12-13T13:40:07.386Z - info: Pages rebuilt
2023-12-13T13:40:07.387Z - info: Website regeneration complete! Total build time: 0.014s
2023-12-13T13:40:14.841Z - info: [下午9:40:14] Reload for file change: C:\Users\ohwei\OneDrive\Documents\Project\Leetcode\index.md
2023-12-13T13:40:15.842Z - info: Rebuilding 1 pages
2023-12-13T13:40:15.855Z - info: Site data built
2023-12-13T13:40:15.855Z - info: Pages rebuilt
2023-12-13T13:40:15.855Z - info: Website regeneration complete! Total build time: 0.013s
2023-12-13T13:40:55.094Z - info: [下午9:40:55] Reload for file change: C:\Users\ohwei\OneDrive\Documents\Project\Leetcode\index.md
2023-12-13T13:40:56.109Z - info: Rebuilding 1 pages
2023-12-13T13:40:56.125Z - info: Site data built
2023-12-13T13:40:56.125Z - info: Pages rebuilt
2023-12-13T13:40:56.125Z - info: Website regeneration complete! Total build time: 0.016s
2023-12-13T13:41:34.909Z - info: [下午9:41:34] Reload for file change: C:\Users\ohwei\OneDrive\Documents\Project\Leetcode\index.md
2023-12-13T13:41:35.912Z - info: Rebuilding 1 pages
2023-12-13T13:41:35.925Z - info: Site data built
2023-12-13T13:41:35.925Z - info: Pages rebuilt
2023-12-13T13:41:35.925Z - info: Website regeneration complete! Total build time: 0.013s
2023-12-13T13:42:23.720Z - info: [下午9:42:23] Reload for file change: C:\Users\ohwei\OneDrive\Documents\Project\Leetcode\index.md
2023-12-13T13:42:24.731Z - info: Rebuilding 1 pages
2023-12-13T13:42:24.745Z - info: Site data built
2023-12-13T13:42:24.746Z - info: Pages rebuilt
2023-12-13T13:42:24.746Z - info: Website regeneration complete! Total build time: 0.016s
2023-12-13T13:42:35.656Z - info: [下午9:42:35] Reload for file change: C:\Users\ohwei\OneDrive\Documents\Project\Leetcode\index.md
2023-12-13T13:42:36.665Z - info: Rebuilding 1 pages
2023-12-13T13:42:36.678Z - info: Site data built
2023-12-13T13:42:36.678Z - info: Pages rebuilt
2023-12-13T13:42:36.678Z - info: Website regeneration complete! Total build time: 0.014s
2023-12-13T13:45:00.837Z - info: [下午9:45:00] Reload for file change: C:\Users\ohwei\OneDrive\Documents\Project\Leetcode\index.md
2023-12-13T13:45:01.854Z - info: Rebuilding 1 pages
2023-12-13T13:45:01.866Z - info: Site data built
2023-12-13T13:45:01.867Z - info: Pages rebuilt
2023-12-13T13:45:01.867Z - info: Website regeneration complete! Total build time: 0.014s
2023-12-13T13:45:54.755Z - info: [下午9:45:54] Reload for file deletion: C:\Users\ohwei\OneDrive\Documents\Project\Leetcode\contents\topic1.md
2023-12-13T13:45:55.771Z - info: Pages or site config modified, updating pages...
2023-12-13T13:45:56.776Z - debug: Assets removed
2023-12-13T13:45:56.777Z - warn: Rebuilding all pages...
2023-12-13T13:45:56.777Z - info: Generating pages...
2023-12-13T13:45:56.835Z - info: Pages built
2023-12-13T13:45:58.611Z - info: [下午9:45:58] Reload for file deletion: C:\Users\ohwei\OneDrive\Documents\Project\Leetcode\contents\topic2.md
2023-12-13T13:45:59.624Z - info: Pages or site config modified, updating pages...
2023-12-13T13:46:00.637Z - debug: Assets removed
2023-12-13T13:46:00.638Z - warn: Rebuilding all pages...
2023-12-13T13:46:00.638Z - info: Generating pages...
2023-12-13T13:46:00.682Z - info: Pages built
2023-12-13T13:46:01.118Z - info: [下午9:46:01] Reload for file deletion: C:\Users\ohwei\OneDrive\Documents\Project\Leetcode\contents\topic3a.md
2023-12-13T13:46:02.124Z - info: Pages or site config modified, updating pages...
2023-12-13T13:46:03.137Z - debug: Assets removed
2023-12-13T13:46:03.138Z - warn: Rebuilding all pages...
2023-12-13T13:46:03.138Z - info: Generating pages...
2023-12-13T13:46:03.169Z - info: Pages built
2023-12-13T13:46:03.581Z - info: [下午9:46:03] Reload for file deletion: C:\Users\ohwei\OneDrive\Documents\Project\Leetcode\contents\topic3b.md
2023-12-13T13:46:04.588Z - info: Pages or site config modified, updating pages...
2023-12-13T13:46:05.590Z - debug: Assets removed
2023-12-13T13:46:05.590Z - warn: Rebuilding all pages...
2023-12-13T13:46:05.591Z - info: Generating pages...
2023-12-13T13:46:05.618Z - info: Pages built
2023-12-13T13:46:06.487Z - info: [下午9:46:06] Reload for file deletion: C:\Users\ohwei\OneDrive\Documents\Project\Leetcode\contents\topic4.md
2023-12-13T13:46:07.501Z - info: Pages or site config modified, updating pages...
2023-12-13T13:46:08.506Z - debug: Assets removed
2023-12-13T13:46:08.506Z - warn: Rebuilding all pages...
2023-12-13T13:46:08.507Z - info: Generating pages...
2023-12-13T13:46:08.526Z - info: Pages built
2023-12-13T13:46:12.364Z - info: [下午9:46:12] Reload for file add: C:\Users\ohwei\OneDrive\Documents\Project\Leetcode\contents\Valid
2023-12-13T13:46:13.377Z - info: Assets built
2023-12-13T13:46:28.338Z - info: [下午9:46:28] Reload for file add: C:\Users\ohwei\OneDrive\Documents\Project\Leetcode\contents\valid-paraenthesis.md
2023-12-13T13:46:28.440Z - info: [下午9:46:28] Reload for file deletion: C:\Users\ohwei\OneDrive\Documents\Project\Leetcode\contents\Valid
2023-12-13T13:46:29.340Z - info: Pages or site config modified, updating pages...
2023-12-13T13:46:29.455Z - debug: Assets removed
2023-12-13T13:46:29.456Z - warn: Rebuilding all pages...
2023-12-13T13:46:29.456Z - info: Generating pages...
2023-12-13T13:46:29.487Z - info: Pages built
2023-12-13T13:46:38.518Z - info: [下午9:46:38] Reload for file add: C:\Users\ohwei\OneDrive\Documents\Project\Leetcode\contents\valid-parenthesis.md
2023-12-13T13:46:38.626Z - info: [下午9:46:38] Reload for file deletion: C:\Users\ohwei\OneDrive\Documents\Project\Leetcode\contents\valid-paraenthesis.md
2023-12-13T13:46:39.521Z - info: Pages or site config modified, updating pages...
2023-12-13T13:46:40.540Z - debug: Assets removed
2023-12-13T13:46:40.540Z - warn: Rebuilding all pages...
2023-12-13T13:46:40.541Z - info: Generating pages...
2023-12-13T13:46:40.570Z - info: Pages built
2023-12-13T13:46:44.901Z - info: [下午9:46:44] Reload for file add: C:\Users\ohwei\OneDrive\Documents\Project\Leetcode\contents\valid-parentheses.md
2023-12-13T13:46:45.007Z - info: [下午9:46:45] Reload for file deletion: C:\Users\ohwei\OneDrive\Documents\Project\Leetcode\contents\valid-parenthesis.md
2023-12-13T13:46:45.906Z - info: Pages or site config modified, updating pages...
2023-12-13T13:46:46.909Z - debug: Assets removed
2023-12-13T13:46:46.910Z - warn: Rebuilding all pages...
2023-12-13T13:46:46.910Z - info: Generating pages...
2023-12-13T13:46:46.944Z - info: Pages built
2023-12-13T13:47:23.209Z - info: [下午9:47:23] Reload for file add: C:\Users\ohwei\OneDrive\Documents\Project\Leetcode\contents\[Stack] valid-parentheses.md
2023-12-13T13:47:23.309Z - info: [下午9:47:23] Reload for file deletion: C:\Users\ohwei\OneDrive\Documents\Project\Leetcode\contents\valid-parentheses.md
2023-12-13T13:47:24.224Z - info: Pages or site config modified, updating pages...
2023-12-13T13:47:25.226Z - debug: Assets removed
2023-12-13T13:47:25.226Z - warn: Rebuilding all pages...
2023-12-13T13:47:25.226Z - info: Generating pages...
2023-12-13T13:47:25.256Z - info: Pages built
2023-12-13T13:47:32.967Z - info: [下午9:47:32] Reload for file add: C:\Users\ohwei\OneDrive\Documents\Project\Leetcode\contents\valid-parentheses.md
2023-12-13T13:47:33.074Z - info: [下午9:47:33] Reload for file deletion: C:\Users\ohwei\OneDrive\Documents\Project\Leetcode\contents\[Stack] valid-parentheses.md
2023-12-13T13:47:33.974Z - info: Pages or site config modified, updating pages...
2023-12-13T13:47:34.986Z - debug: Assets removed
2023-12-13T13:47:34.986Z - warn: Rebuilding all pages...
2023-12-13T13:47:34.986Z - info: Generating pages...
2023-12-13T13:47:35.015Z - info: Pages built
2023-12-13T13:47:40.635Z - info: [下午9:47:40] Reload for file add: C:\Users\ohwei\OneDrive\Documents\Project\Leetcode\contents\Stack\valid-parentheses.md
2023-12-13T13:47:40.740Z - info: [下午9:47:40] Reload for file deletion: C:\Users\ohwei\OneDrive\Documents\Project\Leetcode\contents\valid-parentheses.md
2023-12-13T13:47:41.643Z - info: Pages or site config modified, updating pages...
2023-12-13T13:47:42.657Z - debug: Assets removed
2023-12-13T13:47:42.658Z - warn: Rebuilding all pages...
2023-12-13T13:47:42.658Z - info: Generating pages...
2023-12-13T13:47:42.686Z - info: Pages built
2023-12-13T13:49:13.775Z - info: [下午9:49:13] Reload for file change: C:\Users\ohwei\OneDrive\Documents\Project\Leetcode\_markbind\layouts\default.md
2023-12-13T13:49:14.780Z - info: Rebuilding 2 pages
2023-12-13T13:49:14.810Z - info: Site data built
2023-12-13T13:49:14.811Z - info: Pages rebuilt
2023-12-13T13:49:14.811Z - info: Website regeneration complete! Total build time: 0.032s
2023-12-13T13:50:16.938Z - info: [下午9:50:16] Reload for file change: C:\Users\ohwei\OneDrive\Documents\Project\Leetcode\_markbind\layouts\default.md
2023-12-13T13:50:17.944Z - info: Rebuilding 2 pages
2023-12-13T13:50:17.967Z - warn: You might have an invalid intra-link! Ignore this warning if it was intended.
'/contents/stack/valid-parentheses.html' found in file 'C:\Users\ohwei\OneDrive\Documents\Project\Leetcode\_markbind\layouts\default.md'
2023-12-13T13:50:17.971Z - info: Site data built
2023-12-13T13:50:17.971Z - info: Pages rebuilt
2023-12-13T13:50:17.972Z - info: Website regeneration complete! Total build time: 0.029s
2023-12-13T13:50:27.946Z - info: [下午9:50:27] Reload for file change: C:\Users\ohwei\OneDrive\Documents\Project\Leetcode\contents\Stack\valid-parentheses.md
2023-12-13T13:50:27.948Z - info: [下午9:50:27] Reload for file add: C:\Users\ohwei\OneDrive\Documents\Project\Leetcode\contents\stack\valid-parentheses.md
2023-12-13T13:50:28.947Z - info: Rebuilding 1 pages
2023-12-13T13:50:28.951Z - info: Pages or site config modified, updating pages...
2023-12-13T13:50:28.959Z - info: Site data built
2023-12-13T13:50:28.959Z - info: Pages rebuilt
2023-12-13T13:50:28.960Z - info: Website regeneration complete! Total build time: 0.012s
2023-12-13T13:50:29.963Z - debug: Assets removed
2023-12-13T13:50:29.964Z - warn: Rebuilding all pages...
2023-12-13T13:50:29.964Z - info: Generating pages...
2023-12-13T13:50:29.993Z - info: Pages built
2023-12-13T13:50:39.602Z - info: [下午9:50:39] Reload for file change: C:\Users\ohwei\OneDrive\Documents\Project\Leetcode\contents\Stack\valid-parentheses.md
2023-12-13T13:50:39.603Z - info: [下午9:50:39] Reload for file change: C:\Users\ohwei\OneDrive\Documents\Project\Leetcode\contents\stack\valid-parentheses.md
2023-12-13T13:50:40.613Z - info: Assets built
2023-12-13T13:50:40.614Z - info: Rebuilding 1 pages
2023-12-13T13:50:40.626Z - info: Site data built
2023-12-13T13:50:40.627Z - info: Pages rebuilt
2023-12-13T13:50:40.627Z - info: Website regeneration complete! Total build time: 0.014s
2023-12-13T13:52:17.940Z - info: [下午9:52:17] Reload for file change: C:\Users\ohwei\OneDrive\Documents\Project\Leetcode\_markbind\layouts\default.md
2023-12-13T13:52:18.959Z - info: Rebuilding 2 pages
2023-12-13T13:52:18.982Z - info: Site data built
2023-12-13T13:52:18.982Z - info: Pages rebuilt
2023-12-13T13:52:18.982Z - info: Website regeneration complete! Total build time: 0.023s
2023-12-13T13:52:37.599Z - info: [下午9:52:37] Reload for file change: C:\Users\ohwei\OneDrive\Documents\Project\Leetcode\_markbind\layouts\default.md
2023-12-13T13:52:38.618Z - info: Rebuilding 2 pages
2023-12-13T13:52:38.641Z - info: Site data built
2023-12-13T13:52:38.641Z - info: Pages rebuilt
2023-12-13T13:52:38.642Z - info: Website regeneration complete! Total build time: 0.024s
2023-12-13T13:53:21.458Z - info: [下午9:53:21] Reload for file change: C:\Users\ohwei\OneDrive\Documents\Project\Leetcode\_markbind\layouts\default.md
2023-12-13T13:53:22.473Z - info: Rebuilding 2 pages
2023-12-13T13:53:22.495Z - info: Site data built
2023-12-13T13:53:22.495Z - info: Pages rebuilt
2023-12-13T13:53:22.495Z - info: Website regeneration complete! Total build time: 0.022s
2023-12-13T13:53:42.835Z - info: Website generation started at 下午9:53:42
2023-12-13T13:53:42.883Z - info: Building assets...
2023-12-13T13:53:42.895Z - info: Assets built
2023-12-13T13:53:42.895Z - info: Generating pages...
2023-12-13T13:53:43.012Z - info: Pages built
2023-12-13T13:53:43.119Z - info: Site data built
2023-12-13T13:53:43.119Z - info: Website generation complete! Total build time: 0.331s
2023-12-13T13:53:43.138Z - info: Serving "C:\Users\ohwei\OneDrive\Documents\Project\Leetcode\_site" at http://127.0.0.1:8080
2023-12-13T13:53:43.139Z - info: Press CTRL+C to stop ...
2023-12-13T13:57:25.718Z - info: [下午9:57:25] Reload for file change: C:\Users\ohwei\OneDrive\Documents\Project\Leetcode\contents\stack\valid-parentheses.md
2023-12-13T13:57:26.733Z - info: Rebuilding 1 pages
2023-12-13T13:57:26.754Z - info: Site data built
2023-12-13T13:57:26.754Z - info: Pages rebuilt
2023-12-13T13:57:26.755Z - info: Website regeneration complete! Total build time: 0.022s
2023-12-13T13:57:42.032Z - info: [下午9:57:42] Reload for file change: C:\Users\ohwei\OneDrive\Documents\Project\Leetcode\contents\stack\valid-parentheses.md
2023-12-13T13:57:43.038Z - info: Rebuilding 1 pages
2023-12-13T13:57:43.055Z - info: Site data built
2023-12-13T13:57:43.055Z - info: Pages rebuilt
2023-12-13T13:57:43.055Z - info: Website regeneration complete! Total build time: 0.017s
2023-12-13T13:58:53.991Z - info: [下午9:58:53] Reload for file change: C:\Users\ohwei\OneDrive\Documents\Project\Leetcode\contents\stack\valid-parentheses.md
2023-12-13T13:58:54.998Z - info: Rebuilding 1 pages
2023-12-13T13:58:55.015Z - info: Site data built
2023-12-13T13:58:55.015Z - info: Pages rebuilt
2023-12-13T13:58:55.015Z - info: Website regeneration complete! Total build time: 0.018s
2023-12-13T13:59:59.177Z - info: [下午9:59:59] Reload for file change: C:\Users\ohwei\OneDrive\Documents\Project\Leetcode\contents\stack\valid-parentheses.md
2023-12-13T14:00:00.187Z - info: Rebuilding 1 pages
2023-12-13T14:00:00.206Z - info: Site data built
2023-12-13T14:00:00.206Z - info: Pages rebuilt
2023-12-13T14:00:00.207Z - info: Website regeneration complete! Total build time: 0.019s
2023-12-13T14:00:10.552Z - info: [下午10:00:10] Reload for file change: C:\Users\ohwei\OneDrive\Documents\Project\Leetcode\contents\stack\valid-parentheses.md
2023-12-13T14:00:11.563Z - info: Rebuilding 1 pages
2023-12-13T14:00:11.580Z - info: Site data built
2023-12-13T14:00:11.580Z - info: Pages rebuilt
2023-12-13T14:00:11.580Z - info: Website regeneration complete! Total build time: 0.018s
2023-12-13T14:00:38.896Z - info: [下午10:00:38] Reload for file change: C:\Users\ohwei\OneDrive\Documents\Project\Leetcode\contents\stack\valid-parentheses.md
2023-12-13T14:00:39.904Z - info: Rebuilding 1 pages
2023-12-13T14:00:39.920Z - info: Site data built
2023-12-13T14:00:39.920Z - info: Pages rebuilt
2023-12-13T14:00:39.920Z - info: Website regeneration complete! Total build time: 0.016s
2023-12-13T14:00:56.004Z - info: [下午10:00:56] Reload for file change: C:\Users\ohwei\OneDrive\Documents\Project\Leetcode\contents\stack\valid-parentheses.md
2023-12-13T14:00:57.015Z - info: Rebuilding 1 pages
2023-12-13T14:00:57.031Z - info: Site data built
2023-12-13T14:00:57.031Z - info: Pages rebuilt
2023-12-13T14:00:57.032Z - info: Website regeneration complete! Total build time: 0.017s
2023-12-13T14:01:50.813Z - info: [下午10:01:50] Reload for file change: C:\Users\ohwei\OneDrive\Documents\Project\Leetcode\contents\stack\valid-parentheses.md
2023-12-13T14:01:51.817Z - info: Rebuilding 1 pages
2023-12-13T14:01:51.832Z - info: Site data built
2023-12-13T14:01:51.832Z - info: Pages rebuilt
2023-12-13T14:01:51.832Z - info: Website regeneration complete! Total build time: 0.016s
2023-12-13T14:02:15.465Z - info: [下午10:02:15] Reload for file change: C:\Users\ohwei\OneDrive\Documents\Project\Leetcode\contents\stack\valid-parentheses.md
2023-12-13T14:02:16.468Z - info: Rebuilding 1 pages
2023-12-13T14:02:16.486Z - info: Site data built
2023-12-13T14:02:16.487Z - info: Pages rebuilt
2023-12-13T14:02:16.487Z - info: Website regeneration complete! Total build time: 0.019s
2023-12-13T14:08:32.851Z - info: [下午10:08:32] Reload for file change: C:\Users\ohwei\OneDrive\Documents\Project\Leetcode\contents\stack\valid-parentheses.md
2023-12-13T14:08:33.851Z - info: Rebuilding 1 pages
2023-12-13T14:08:33.874Z - info: Site data built
2023-12-13T14:08:33.874Z - info: Pages rebuilt
2023-12-13T14:08:33.874Z - info: Website regeneration complete! Total build time: 0.024s
2023-12-13T14:09:46.571Z - info: [下午10:09:46] Reload for file change: C:\Users\ohwei\OneDrive\Documents\Project\Leetcode\contents\stack\valid-parentheses.md
2023-12-13T14:09:47.583Z - info: Rebuilding 1 pages
2023-12-13T14:09:47.610Z - info: Site data built
2023-12-13T14:09:47.611Z - info: Pages rebuilt
2023-12-13T14:09:47.611Z - info: Website regeneration complete! Total build time: 0.029s
2023-12-13T14:11:46.252Z - info: [下午10:11:46] Reload for file change: C:\Users\ohwei\OneDrive\Documents\Project\Leetcode\contents\stack\valid-parentheses.md
2023-12-13T14:11:47.254Z - info: Rebuilding 1 pages
2023-12-13T14:11:47.277Z - info: Site data built
2023-12-13T14:11:47.277Z - info: Pages rebuilt
2023-12-13T14:11:47.277Z - info: Website regeneration complete! Total build time: 0.024s
2023-12-13T14:16:33.350Z - info: [下午10:16:33] Reload for file change: C:\Users\ohwei\OneDrive\Documents\Project\Leetcode\contents\stack\valid-parentheses.md
2023-12-13T14:16:34.361Z - info: Rebuilding 1 pages
2023-12-13T14:16:34.385Z - info: Site data built
2023-12-13T14:16:34.385Z - info: Pages rebuilt
2023-12-13T14:16:34.385Z - info: Website regeneration complete! Total build time: 0.024s
2023-12-13T14:19:15.470Z - info: [下午10:19:15] Reload for file change: C:\Users\ohwei\OneDrive\Documents\Project\Leetcode\contents\stack\valid-parentheses.md
2023-12-13T14:19:16.473Z - info: Rebuilding 1 pages
2023-12-13T14:19:16.497Z - info: Site data built
2023-12-13T14:19:16.497Z - info: Pages rebuilt
2023-12-13T14:19:16.497Z - info: Website regeneration complete! Total build time: 0.025s
2023-12-13T14:21:45.601Z - info: [下午10:21:45] Reload for file change: C:\Users\ohwei\OneDrive\Documents\Project\Leetcode\contents\stack\valid-parentheses.md
2023-12-13T14:21:46.607Z - info: Rebuilding 1 pages
2023-12-13T14:21:46.648Z - info: Site data built
2023-12-13T14:21:46.649Z - info: Pages rebuilt
2023-12-13T14:21:46.649Z - info: Website regeneration complete! Total build time: 0.043s
2023-12-13T14:22:28.557Z - info: [下午10:22:28] Reload for file change: C:\Users\ohwei\OneDrive\Documents\Project\Leetcode\contents\stack\valid-parentheses.md
2023-12-13T14:22:29.564Z - info: Rebuilding 1 pages
2023-12-13T14:22:29.598Z - info: Site data built
2023-12-13T14:22:29.599Z - info: Pages rebuilt
2023-12-13T14:22:29.599Z - info: Website regeneration complete! Total build time: 0.036s
2023-12-13T14:26:06.343Z - info: [下午10:26:06] Reload for file change: C:\Users\ohwei\OneDrive\Documents\Project\Leetcode\contents\stack\valid-parentheses.md
2023-12-13T14:26:07.354Z - info: Rebuilding 1 pages
2023-12-13T14:26:07.384Z - info: Site data built
2023-12-13T14:26:07.384Z - info: Pages rebuilt
2023-12-13T14:26:07.384Z - info: Website regeneration complete! Total build time: 0.03s
2023-12-13T14:26:57.233Z - info: [下午10:26:57] Reload for file change: C:\Users\ohwei\OneDrive\Documents\Project\Leetcode\contents\stack\valid-parentheses.md
2023-12-13T14:26:58.234Z - info: Rebuilding 1 pages
2023-12-13T14:26:58.261Z - info: Site data built
2023-12-13T14:26:58.261Z - info: Pages rebuilt
2023-12-13T14:26:58.262Z - info: Website regeneration complete! Total build time: 0.028s
2023-12-13T14:28:39.942Z - info: [下午10:28:39] Reload for file change: C:\Users\ohwei\OneDrive\Documents\Project\Leetcode\contents\stack\valid-parentheses.md
2023-12-13T14:28:40.955Z - info: Rebuilding 1 pages
2023-12-13T14:28:40.986Z - info: Site data built
2023-12-13T14:28:40.986Z - info: Pages rebuilt
2023-12-13T14:28:40.986Z - info: Website regeneration complete! Total build time: 0.032s
2023-12-13T14:28:53.619Z - info: [下午10:28:53] Reload for file change: C:\Users\ohwei\OneDrive\Documents\Project\Leetcode\contents\stack\valid-parentheses.md
2023-12-13T14:28:54.626Z - info: Rebuilding 1 pages
2023-12-13T14:28:54.652Z - info: Site data built
2023-12-13T14:28:54.653Z - info: Pages rebuilt
2023-12-13T14:28:54.653Z - info: Website regeneration complete! Total build time: 0.028s
2023-12-13T14:31:52.245Z - info: [下午10:31:52] Reload for file change: C:\Users\ohwei\OneDrive\Documents\Project\Leetcode\contents\stack\valid-parentheses.md
2023-12-13T14:31:53.255Z - info: Rebuilding 1 pages
2023-12-13T14:31:53.289Z - info: Site data built
2023-12-13T14:31:53.289Z - info: Pages rebuilt
2023-12-13T14:31:53.290Z - info: Website regeneration complete! Total build time: 0.035s
2023-12-13T14:32:05.294Z - info: [下午10:32:05] Reload for file change: C:\Users\ohwei\OneDrive\Documents\Project\Leetcode\contents\stack\valid-parentheses.md
2023-12-13T14:32:06.304Z - info: Rebuilding 1 pages
2023-12-13T14:32:06.328Z - info: Site data built
2023-12-13T14:32:06.328Z - info: Pages rebuilt
2023-12-13T14:32:06.328Z - info: Website regeneration complete! Total build time: 0.025s
2023-12-13T14:32:17.032Z - info: [下午10:32:17] Reload for file change: C:\Users\ohwei\OneDrive\Documents\Project\Leetcode\contents\stack\valid-parentheses.md
2023-12-13T14:32:18.035Z - info: Rebuilding 1 pages
2023-12-13T14:32:18.060Z - info: Site data built
2023-12-13T14:32:18.061Z - info: Pages rebuilt
2023-12-13T14:32:18.061Z - info: Website regeneration complete! Total build time: 0.026s
2023-12-13T14:33:15.796Z - info: [下午10:33:15] Reload for file change: C:\Users\ohwei\OneDrive\Documents\Project\Leetcode\contents\stack\valid-parentheses.md
2023-12-13T14:33:16.805Z - info: Rebuilding 1 pages
2023-12-13T14:33:16.837Z - info: Site data built
2023-12-13T14:33:16.837Z - info: Pages rebuilt
2023-12-13T14:33:16.837Z - info: Website regeneration complete! Total build time: 0.033s
2023-12-13T14:33:51.381Z - info: [下午10:33:51] Reload for file change: C:\Users\ohwei\OneDrive\Documents\Project\Leetcode\contents\stack\valid-parentheses.md
2023-12-13T14:33:52.390Z - info: Rebuilding 1 pages
2023-12-13T14:33:52.422Z - info: Site data built
2023-12-13T14:33:52.422Z - info: Pages rebuilt
2023-12-13T14:33:52.422Z - info: Website regeneration complete! Total build time: 0.033s
2023-12-13T14:34:19.265Z - info: [下午10:34:19] Reload for file change: C:\Users\ohwei\OneDrive\Documents\Project\Leetcode\contents\stack\valid-parentheses.md
2023-12-13T14:34:20.282Z - info: Rebuilding 1 pages
2023-12-13T14:34:20.313Z - info: Site data built
2023-12-13T14:34:20.313Z - info: Pages rebuilt
2023-12-13T14:34:20.314Z - info: Website regeneration complete! Total build time: 0.033s
2023-12-13T14:34:50.646Z - info: [下午10:34:50] Reload for file change: C:\Users\ohwei\OneDrive\Documents\Project\Leetcode\contents\stack\valid-parentheses.md
2023-12-13T14:34:51.650Z - info: Rebuilding 1 pages
2023-12-13T14:34:51.679Z - info: Site data built
2023-12-13T14:34:51.679Z - info: Pages rebuilt
2023-12-13T14:34:51.680Z - info: Website regeneration complete! Total build time: 0.03s
2023-12-13T14:35:18.372Z - info: [下午10:35:18] Reload for file change: C:\Users\ohwei\OneDrive\Documents\Project\Leetcode\contents\stack\valid-parentheses.md
2023-12-13T14:35:19.375Z - info: Rebuilding 1 pages
2023-12-13T14:35:19.398Z - info: Site data built
2023-12-13T14:35:19.398Z - info: Pages rebuilt
2023-12-13T14:35:19.398Z - info: Website regeneration complete! Total build time: 0.023s
2023-12-13T14:36:30.791Z - info: [下午10:36:30] Reload for file add: C:\Users\ohwei\OneDrive\Documents\Project\Leetcode\contents\template.md
2023-12-13T14:36:31.805Z - info: Pages or site config modified, updating pages...
2023-12-13T14:36:32.823Z - warn: Rebuilding all pages...
2023-12-13T14:36:32.823Z - info: Generating pages...
2023-12-13T14:36:32.888Z - info: Pages built
2023-12-13T14:36:54.901Z - info: [下午10:36:54] Reload for file change: C:\Users\ohwei\OneDrive\Documents\Project\Leetcode\contents\stack\valid-parentheses.md
2023-12-13T14:36:55.914Z - info: Rebuilding 1 pages
2023-12-13T14:36:55.937Z - info: Site data built
2023-12-13T14:36:55.937Z - info: Pages rebuilt
2023-12-13T14:36:55.937Z - info: Website regeneration complete! Total build time: 0.024s
2023-12-13T14:41:25.983Z - info: [下午10:41:25] Reload for file change: C:\Users\ohwei\OneDrive\Documents\Project\Leetcode\contents\template.md
2023-12-13T14:41:26.995Z - info: Rebuilding 1 pages
2023-12-13T14:41:27.007Z - error:  YAMLException: end of the stream or a document separator is expected at line 2, column 21:
      title: {Category} - {Question Title}
                        ^
    at generateError (C:\Users\ohwei\AppData\Roaming\npm\node_modules\markbind-cli\node_modules\js-yaml\lib\js-yaml\loader.js:167:10)
    at throwError (C:\Users\ohwei\AppData\Roaming\npm\node_modules\markbind-cli\node_modules\js-yaml\lib\js-yaml\loader.js:173:9)
    at readDocument (C:\Users\ohwei\AppData\Roaming\npm\node_modules\markbind-cli\node_modules\js-yaml\lib\js-yaml\loader.js:1545:5)
    at loadDocuments (C:\Users\ohwei\AppData\Roaming\npm\node_modules\markbind-cli\node_modules\js-yaml\lib\js-yaml\loader.js:1588:5)
    at load (C:\Users\ohwei\AppData\Roaming\npm\node_modules\markbind-cli\node_modules\js-yaml\lib\js-yaml\loader.js:1614:19)
    at fastmatter (C:\Users\ohwei\AppData\Roaming\npm\node_modules\markbind-cli\node_modules\fastmatter\index.js:48:37)
    at NodeProcessor._processFrontmatter (C:\Users\ohwei\AppData\Roaming\npm\node_modules\markbind-cli\node_modules\@markbind\core\src\html\NodeProcessor.js:122:34)
    at NodeProcessor.processNode (C:\Users\ohwei\AppData\Roaming\npm\node_modules\markbind-cli\node_modules\@markbind\core\src\html\NodeProcessor.js:164:26)
    at NodeProcessor.traverse (C:\Users\ohwei\AppData\Roaming\npm\node_modules\markbind-cli\node_modules\@markbind\core\src\html\NodeProcessor.js:326:24)
    at C:\Users\ohwei\AppData\Roaming\npm\node_modules\markbind-cli\node_modules\@markbind\core\src\html\NodeProcessor.js:330:22
    at Array.forEach (<anonymous>)
    at NodeProcessor.traverse (C:\Users\ohwei\AppData\Roaming\npm\node_modules\markbind-cli\node_modules\@markbind\core\src\html\NodeProcessor.js:329:27)
    at C:\Users\ohwei\AppData\Roaming\npm\node_modules\markbind-cli\node_modules\@markbind\core\src\html\NodeProcessor.js:353:42
    at Array.map (<anonymous>)
    at DomHandler._callback (C:\Users\ohwei\AppData\Roaming\npm\node_modules\markbind-cli\node_modules\@markbind\core\src\html\NodeProcessor.js:350:43)
    at DomHandler._handleCallback.DomHandler.onerror (C:\Users\ohwei\AppData\Roaming\npm\node_modules\markbind-cli\node_modules\domhandler\index.js:52:8)
2023-12-13T14:41:27.027Z - info: Site data built
2023-12-13T14:41:27.027Z - info: Pages rebuilt
2023-12-13T14:41:27.027Z - info: Website regeneration complete! Total build time: 0.033s
2023-12-13T14:41:46.856Z - info: [下午10:41:46] Reload for file change: C:\Users\ohwei\OneDrive\Documents\Project\Leetcode\contents\template.md
2023-12-13T14:41:47.862Z - info: Rebuilding 1 pages
2023-12-13T14:41:47.869Z - error:  YAMLException: end of the stream or a document separator is expected at line 2, column 21:
      title: {Category} - {Question Title}
                        ^
    at generateError (C:\Users\ohwei\AppData\Roaming\npm\node_modules\markbind-cli\node_modules\js-yaml\lib\js-yaml\loader.js:167:10)
    at throwError (C:\Users\ohwei\AppData\Roaming\npm\node_modules\markbind-cli\node_modules\js-yaml\lib\js-yaml\loader.js:173:9)
    at readDocument (C:\Users\ohwei\AppData\Roaming\npm\node_modules\markbind-cli\node_modules\js-yaml\lib\js-yaml\loader.js:1545:5)
    at loadDocuments (C:\Users\ohwei\AppData\Roaming\npm\node_modules\markbind-cli\node_modules\js-yaml\lib\js-yaml\loader.js:1588:5)
    at load (C:\Users\ohwei\AppData\Roaming\npm\node_modules\markbind-cli\node_modules\js-yaml\lib\js-yaml\loader.js:1614:19)
    at fastmatter (C:\Users\ohwei\AppData\Roaming\npm\node_modules\markbind-cli\node_modules\fastmatter\index.js:48:37)
    at NodeProcessor._processFrontmatter (C:\Users\ohwei\AppData\Roaming\npm\node_modules\markbind-cli\node_modules\@markbind\core\src\html\NodeProcessor.js:122:34)
    at NodeProcessor.processNode (C:\Users\ohwei\AppData\Roaming\npm\node_modules\markbind-cli\node_modules\@markbind\core\src\html\NodeProcessor.js:164:26)
    at NodeProcessor.traverse (C:\Users\ohwei\AppData\Roaming\npm\node_modules\markbind-cli\node_modules\@markbind\core\src\html\NodeProcessor.js:326:24)
    at C:\Users\ohwei\AppData\Roaming\npm\node_modules\markbind-cli\node_modules\@markbind\core\src\html\NodeProcessor.js:330:22
    at Array.forEach (<anonymous>)
    at NodeProcessor.traverse (C:\Users\ohwei\AppData\Roaming\npm\node_modules\markbind-cli\node_modules\@markbind\core\src\html\NodeProcessor.js:329:27)
    at C:\Users\ohwei\AppData\Roaming\npm\node_modules\markbind-cli\node_modules\@markbind\core\src\html\NodeProcessor.js:353:42
    at Array.map (<anonymous>)
    at DomHandler._callback (C:\Users\ohwei\AppData\Roaming\npm\node_modules\markbind-cli\node_modules\@markbind\core\src\html\NodeProcessor.js:350:43)
    at DomHandler._handleCallback.DomHandler.onerror (C:\Users\ohwei\AppData\Roaming\npm\node_modules\markbind-cli\node_modules\domhandler\index.js:52:8)
2023-12-13T14:41:47.889Z - info: Site data built
2023-12-13T14:41:47.889Z - info: Pages rebuilt
2023-12-13T14:41:47.889Z - info: Website regeneration complete! Total build time: 0.027s
2023-12-13T14:42:12.947Z - info: [下午10:42:12] Reload for file change: C:\Users\ohwei\OneDrive\Documents\Project\Leetcode\contents\template.md
2023-12-13T14:42:13.955Z - info: Rebuilding 1 pages
2023-12-13T14:42:13.960Z - error:  YAMLException: end of the stream or a document separator is expected at line 2, column 21:
      title: {Category} - {Question Title}
                        ^
    at generateError (C:\Users\ohwei\AppData\Roaming\npm\node_modules\markbind-cli\node_modules\js-yaml\lib\js-yaml\loader.js:167:10)
    at throwError (C:\Users\ohwei\AppData\Roaming\npm\node_modules\markbind-cli\node_modules\js-yaml\lib\js-yaml\loader.js:173:9)
    at readDocument (C:\Users\ohwei\AppData\Roaming\npm\node_modules\markbind-cli\node_modules\js-yaml\lib\js-yaml\loader.js:1545:5)
    at loadDocuments (C:\Users\ohwei\AppData\Roaming\npm\node_modules\markbind-cli\node_modules\js-yaml\lib\js-yaml\loader.js:1588:5)
    at load (C:\Users\ohwei\AppData\Roaming\npm\node_modules\markbind-cli\node_modules\js-yaml\lib\js-yaml\loader.js:1614:19)
    at fastmatter (C:\Users\ohwei\AppData\Roaming\npm\node_modules\markbind-cli\node_modules\fastmatter\index.js:48:37)
    at NodeProcessor._processFrontmatter (C:\Users\ohwei\AppData\Roaming\npm\node_modules\markbind-cli\node_modules\@markbind\core\src\html\NodeProcessor.js:122:34)
    at NodeProcessor.processNode (C:\Users\ohwei\AppData\Roaming\npm\node_modules\markbind-cli\node_modules\@markbind\core\src\html\NodeProcessor.js:164:26)
    at NodeProcessor.traverse (C:\Users\ohwei\AppData\Roaming\npm\node_modules\markbind-cli\node_modules\@markbind\core\src\html\NodeProcessor.js:326:24)
    at C:\Users\ohwei\AppData\Roaming\npm\node_modules\markbind-cli\node_modules\@markbind\core\src\html\NodeProcessor.js:330:22
    at Array.forEach (<anonymous>)
    at NodeProcessor.traverse (C:\Users\ohwei\AppData\Roaming\npm\node_modules\markbind-cli\node_modules\@markbind\core\src\html\NodeProcessor.js:329:27)
    at C:\Users\ohwei\AppData\Roaming\npm\node_modules\markbind-cli\node_modules\@markbind\core\src\html\NodeProcessor.js:353:42
    at Array.map (<anonymous>)
    at DomHandler._callback (C:\Users\ohwei\AppData\Roaming\npm\node_modules\markbind-cli\node_modules\@markbind\core\src\html\NodeProcessor.js:350:43)
    at DomHandler._handleCallback.DomHandler.onerror (C:\Users\ohwei\AppData\Roaming\npm\node_modules\markbind-cli\node_modules\domhandler\index.js:52:8)
2023-12-13T14:42:13.978Z - info: Site data built
2023-12-13T14:42:13.978Z - info: Pages rebuilt
2023-12-13T14:42:13.979Z - info: Website regeneration complete! Total build time: 0.025s
2023-12-13T14:42:19.963Z - info: [下午10:42:19] Reload for file change: C:\Users\ohwei\OneDrive\Documents\Project\Leetcode\contents\template.md
2023-12-13T14:42:20.967Z - info: Rebuilding 1 pages
2023-12-13T14:42:20.973Z - error:  YAMLException: end of the stream or a document separator is expected at line 2, column 21:
      title: {Category} - {Question Title}
                        ^
    at generateError (C:\Users\ohwei\AppData\Roaming\npm\node_modules\markbind-cli\node_modules\js-yaml\lib\js-yaml\loader.js:167:10)
    at throwError (C:\Users\ohwei\AppData\Roaming\npm\node_modules\markbind-cli\node_modules\js-yaml\lib\js-yaml\loader.js:173:9)
    at readDocument (C:\Users\ohwei\AppData\Roaming\npm\node_modules\markbind-cli\node_modules\js-yaml\lib\js-yaml\loader.js:1545:5)
    at loadDocuments (C:\Users\ohwei\AppData\Roaming\npm\node_modules\markbind-cli\node_modules\js-yaml\lib\js-yaml\loader.js:1588:5)
    at load (C:\Users\ohwei\AppData\Roaming\npm\node_modules\markbind-cli\node_modules\js-yaml\lib\js-yaml\loader.js:1614:19)
    at fastmatter (C:\Users\ohwei\AppData\Roaming\npm\node_modules\markbind-cli\node_modules\fastmatter\index.js:48:37)
    at NodeProcessor._processFrontmatter (C:\Users\ohwei\AppData\Roaming\npm\node_modules\markbind-cli\node_modules\@markbind\core\src\html\NodeProcessor.js:122:34)
    at NodeProcessor.processNode (C:\Users\ohwei\AppData\Roaming\npm\node_modules\markbind-cli\node_modules\@markbind\core\src\html\NodeProcessor.js:164:26)
    at NodeProcessor.traverse (C:\Users\ohwei\AppData\Roaming\npm\node_modules\markbind-cli\node_modules\@markbind\core\src\html\NodeProcessor.js:326:24)
    at C:\Users\ohwei\AppData\Roaming\npm\node_modules\markbind-cli\node_modules\@markbind\core\src\html\NodeProcessor.js:330:22
    at Array.forEach (<anonymous>)
    at NodeProcessor.traverse (C:\Users\ohwei\AppData\Roaming\npm\node_modules\markbind-cli\node_modules\@markbind\core\src\html\NodeProcessor.js:329:27)
    at C:\Users\ohwei\AppData\Roaming\npm\node_modules\markbind-cli\node_modules\@markbind\core\src\html\NodeProcessor.js:353:42
    at Array.map (<anonymous>)
    at DomHandler._callback (C:\Users\ohwei\AppData\Roaming\npm\node_modules\markbind-cli\node_modules\@markbind\core\src\html\NodeProcessor.js:350:43)
    at DomHandler._handleCallback.DomHandler.onerror (C:\Users\ohwei\AppData\Roaming\npm\node_modules\markbind-cli\node_modules\domhandler\index.js:52:8)
2023-12-13T14:42:20.995Z - info: Site data built
2023-12-13T14:42:20.995Z - info: Pages rebuilt
2023-12-13T14:42:20.995Z - info: Website regeneration complete! Total build time: 0.028s
2023-12-13T14:44:31.551Z - info: [下午10:44:31] Reload for file change: C:\Users\ohwei\OneDrive\Documents\Project\Leetcode\contents\stack\valid-parentheses.md
2023-12-13T14:44:32.560Z - info: Rebuilding 1 pages
2023-12-13T14:44:32.589Z - info: Site data built
2023-12-13T14:44:32.589Z - info: Pages rebuilt
2023-12-13T14:44:32.590Z - info: Website regeneration complete! Total build time: 0.03s
2023-12-13T14:44:42.277Z - info: [下午10:44:42] Reload for file change: C:\Users\ohwei\OneDrive\Documents\Project\Leetcode\contents\template.md
2023-12-13T14:44:43.292Z - info: Rebuilding 1 pages
2023-12-13T14:44:43.298Z - error:  YAMLException: end of the stream or a document separator is expected at line 2, column 21:
      title: {Category} - {Question Title}
                        ^
    at generateError (C:\Users\ohwei\AppData\Roaming\npm\node_modules\markbind-cli\node_modules\js-yaml\lib\js-yaml\loader.js:167:10)
    at throwError (C:\Users\ohwei\AppData\Roaming\npm\node_modules\markbind-cli\node_modules\js-yaml\lib\js-yaml\loader.js:173:9)
    at readDocument (C:\Users\ohwei\AppData\Roaming\npm\node_modules\markbind-cli\node_modules\js-yaml\lib\js-yaml\loader.js:1545:5)
    at loadDocuments (C:\Users\ohwei\AppData\Roaming\npm\node_modules\markbind-cli\node_modules\js-yaml\lib\js-yaml\loader.js:1588:5)
    at load (C:\Users\ohwei\AppData\Roaming\npm\node_modules\markbind-cli\node_modules\js-yaml\lib\js-yaml\loader.js:1614:19)
    at fastmatter (C:\Users\ohwei\AppData\Roaming\npm\node_modules\markbind-cli\node_modules\fastmatter\index.js:48:37)
    at NodeProcessor._processFrontmatter (C:\Users\ohwei\AppData\Roaming\npm\node_modules\markbind-cli\node_modules\@markbind\core\src\html\NodeProcessor.js:122:34)
    at NodeProcessor.processNode (C:\Users\ohwei\AppData\Roaming\npm\node_modules\markbind-cli\node_modules\@markbind\core\src\html\NodeProcessor.js:164:26)
    at NodeProcessor.traverse (C:\Users\ohwei\AppData\Roaming\npm\node_modules\markbind-cli\node_modules\@markbind\core\src\html\NodeProcessor.js:326:24)
    at C:\Users\ohwei\AppData\Roaming\npm\node_modules\markbind-cli\node_modules\@markbind\core\src\html\NodeProcessor.js:330:22
    at Array.forEach (<anonymous>)
    at NodeProcessor.traverse (C:\Users\ohwei\AppData\Roaming\npm\node_modules\markbind-cli\node_modules\@markbind\core\src\html\NodeProcessor.js:329:27)
    at C:\Users\ohwei\AppData\Roaming\npm\node_modules\markbind-cli\node_modules\@markbind\core\src\html\NodeProcessor.js:353:42
    at Array.map (<anonymous>)
    at DomHandler._callback (C:\Users\ohwei\AppData\Roaming\npm\node_modules\markbind-cli\node_modules\@markbind\core\src\html\NodeProcessor.js:350:43)
    at DomHandler._handleCallback.DomHandler.onerror (C:\Users\ohwei\AppData\Roaming\npm\node_modules\markbind-cli\node_modules\domhandler\index.js:52:8)
2023-12-13T14:44:43.320Z - info: Site data built
2023-12-13T14:44:43.320Z - info: Pages rebuilt
2023-12-13T14:44:43.320Z - info: Website regeneration complete! Total build time: 0.028s
2023-12-13T14:46:03.169Z - info: [下午10:46:03] Reload for file add: C:\Users\ohwei\OneDrive\Documents\Project\Leetcode\contents\arrays-and-hashing\template.md
2023-12-13T14:46:04.179Z - info: Pages or site config modified, updating pages...
2023-12-13T14:46:05.197Z - warn: Rebuilding all pages...
2023-12-13T14:46:05.197Z - info: Generating pages...
2023-12-13T14:46:05.204Z - error:  YAMLException: end of the stream or a document separator is expected at line 2, column 21:
      title: {Category} - {Question Title}
                        ^
    at generateError (C:\Users\ohwei\AppData\Roaming\npm\node_modules\markbind-cli\node_modules\js-yaml\lib\js-yaml\loader.js:167:10)
    at throwError (C:\Users\ohwei\AppData\Roaming\npm\node_modules\markbind-cli\node_modules\js-yaml\lib\js-yaml\loader.js:173:9)
    at readDocument (C:\Users\ohwei\AppData\Roaming\npm\node_modules\markbind-cli\node_modules\js-yaml\lib\js-yaml\loader.js:1545:5)
    at loadDocuments (C:\Users\ohwei\AppData\Roaming\npm\node_modules\markbind-cli\node_modules\js-yaml\lib\js-yaml\loader.js:1588:5)
    at load (C:\Users\ohwei\AppData\Roaming\npm\node_modules\markbind-cli\node_modules\js-yaml\lib\js-yaml\loader.js:1614:19)
    at fastmatter (C:\Users\ohwei\AppData\Roaming\npm\node_modules\markbind-cli\node_modules\fastmatter\index.js:48:37)
    at NodeProcessor._processFrontmatter (C:\Users\ohwei\AppData\Roaming\npm\node_modules\markbind-cli\node_modules\@markbind\core\src\html\NodeProcessor.js:122:34)
    at NodeProcessor.processNode (C:\Users\ohwei\AppData\Roaming\npm\node_modules\markbind-cli\node_modules\@markbind\core\src\html\NodeProcessor.js:164:26)
    at NodeProcessor.traverse (C:\Users\ohwei\AppData\Roaming\npm\node_modules\markbind-cli\node_modules\@markbind\core\src\html\NodeProcessor.js:326:24)
    at C:\Users\ohwei\AppData\Roaming\npm\node_modules\markbind-cli\node_modules\@markbind\core\src\html\NodeProcessor.js:330:22
    at Array.forEach (<anonymous>)
    at NodeProcessor.traverse (C:\Users\ohwei\AppData\Roaming\npm\node_modules\markbind-cli\node_modules\@markbind\core\src\html\NodeProcessor.js:329:27)
    at C:\Users\ohwei\AppData\Roaming\npm\node_modules\markbind-cli\node_modules\@markbind\core\src\html\NodeProcessor.js:353:42
    at Array.map (<anonymous>)
    at DomHandler._callback (C:\Users\ohwei\AppData\Roaming\npm\node_modules\markbind-cli\node_modules\@markbind\core\src\html\NodeProcessor.js:350:43)
    at DomHandler._handleCallback.DomHandler.onerror (C:\Users\ohwei\AppData\Roaming\npm\node_modules\markbind-cli\node_modules\domhandler\index.js:52:8)
2023-12-13T14:46:05.221Z - error:  YAMLException: end of the stream or a document separator is expected at line 2, column 21:
      title: {Category} - {Question Title}
                        ^
    at generateError (C:\Users\ohwei\AppData\Roaming\npm\node_modules\markbind-cli\node_modules\js-yaml\lib\js-yaml\loader.js:167:10)
    at throwError (C:\Users\ohwei\AppData\Roaming\npm\node_modules\markbind-cli\node_modules\js-yaml\lib\js-yaml\loader.js:173:9)
    at readDocument (C:\Users\ohwei\AppData\Roaming\npm\node_modules\markbind-cli\node_modules\js-yaml\lib\js-yaml\loader.js:1545:5)
    at loadDocuments (C:\Users\ohwei\AppData\Roaming\npm\node_modules\markbind-cli\node_modules\js-yaml\lib\js-yaml\loader.js:1588:5)
    at load (C:\Users\ohwei\AppData\Roaming\npm\node_modules\markbind-cli\node_modules\js-yaml\lib\js-yaml\loader.js:1614:19)
    at fastmatter (C:\Users\ohwei\AppData\Roaming\npm\node_modules\markbind-cli\node_modules\fastmatter\index.js:48:37)
    at NodeProcessor._processFrontmatter (C:\Users\ohwei\AppData\Roaming\npm\node_modules\markbind-cli\node_modules\@markbind\core\src\html\NodeProcessor.js:122:34)
    at NodeProcessor.processNode (C:\Users\ohwei\AppData\Roaming\npm\node_modules\markbind-cli\node_modules\@markbind\core\src\html\NodeProcessor.js:164:26)
    at NodeProcessor.traverse (C:\Users\ohwei\AppData\Roaming\npm\node_modules\markbind-cli\node_modules\@markbind\core\src\html\NodeProcessor.js:326:24)
    at C:\Users\ohwei\AppData\Roaming\npm\node_modules\markbind-cli\node_modules\@markbind\core\src\html\NodeProcessor.js:330:22
    at Array.forEach (<anonymous>)
    at NodeProcessor.traverse (C:\Users\ohwei\AppData\Roaming\npm\node_modules\markbind-cli\node_modules\@markbind\core\src\html\NodeProcessor.js:329:27)
    at C:\Users\ohwei\AppData\Roaming\npm\node_modules\markbind-cli\node_modules\@markbind\core\src\html\NodeProcessor.js:353:42
    at Array.map (<anonymous>)
    at DomHandler._callback (C:\Users\ohwei\AppData\Roaming\npm\node_modules\markbind-cli\node_modules\@markbind\core\src\html\NodeProcessor.js:350:43)
    at DomHandler._handleCallback.DomHandler.onerror (C:\Users\ohwei\AppData\Roaming\npm\node_modules\markbind-cli\node_modules\domhandler\index.js:52:8)
2023-12-13T14:46:05.281Z - info: Pages built
2023-12-13T14:46:21.344Z - info: [下午10:46:21] Reload for file add: C:\Users\ohwei\OneDrive\Documents\Project\Leetcode\contents\arrays-and-hashing\contain-duplicate.md
2023-12-13T14:46:21.455Z - info: [下午10:46:21] Reload for file deletion: C:\Users\ohwei\OneDrive\Documents\Project\Leetcode\contents\arrays-and-hashing\template.md
2023-12-13T14:46:22.355Z - info: Pages or site config modified, updating pages...
2023-12-13T14:46:23.373Z - debug: Assets removed
2023-12-13T14:46:23.374Z - warn: Rebuilding all pages...
2023-12-13T14:46:23.374Z - info: Generating pages...
2023-12-13T14:46:23.380Z - error:  YAMLException: end of the stream or a document separator is expected at line 2, column 21:
      title: {Category} - {Question Title}
                        ^
    at generateError (C:\Users\ohwei\AppData\Roaming\npm\node_modules\markbind-cli\node_modules\js-yaml\lib\js-yaml\loader.js:167:10)
    at throwError (C:\Users\ohwei\AppData\Roaming\npm\node_modules\markbind-cli\node_modules\js-yaml\lib\js-yaml\loader.js:173:9)
    at readDocument (C:\Users\ohwei\AppData\Roaming\npm\node_modules\markbind-cli\node_modules\js-yaml\lib\js-yaml\loader.js:1545:5)
    at loadDocuments (C:\Users\ohwei\AppData\Roaming\npm\node_modules\markbind-cli\node_modules\js-yaml\lib\js-yaml\loader.js:1588:5)
    at load (C:\Users\ohwei\AppData\Roaming\npm\node_modules\markbind-cli\node_modules\js-yaml\lib\js-yaml\loader.js:1614:19)
    at fastmatter (C:\Users\ohwei\AppData\Roaming\npm\node_modules\markbind-cli\node_modules\fastmatter\index.js:48:37)
    at NodeProcessor._processFrontmatter (C:\Users\ohwei\AppData\Roaming\npm\node_modules\markbind-cli\node_modules\@markbind\core\src\html\NodeProcessor.js:122:34)
    at NodeProcessor.processNode (C:\Users\ohwei\AppData\Roaming\npm\node_modules\markbind-cli\node_modules\@markbind\core\src\html\NodeProcessor.js:164:26)
    at NodeProcessor.traverse (C:\Users\ohwei\AppData\Roaming\npm\node_modules\markbind-cli\node_modules\@markbind\core\src\html\NodeProcessor.js:326:24)
    at C:\Users\ohwei\AppData\Roaming\npm\node_modules\markbind-cli\node_modules\@markbind\core\src\html\NodeProcessor.js:330:22
    at Array.forEach (<anonymous>)
    at NodeProcessor.traverse (C:\Users\ohwei\AppData\Roaming\npm\node_modules\markbind-cli\node_modules\@markbind\core\src\html\NodeProcessor.js:329:27)
    at C:\Users\ohwei\AppData\Roaming\npm\node_modules\markbind-cli\node_modules\@markbind\core\src\html\NodeProcessor.js:353:42
    at Array.map (<anonymous>)
    at DomHandler._callback (C:\Users\ohwei\AppData\Roaming\npm\node_modules\markbind-cli\node_modules\@markbind\core\src\html\NodeProcessor.js:350:43)
    at DomHandler._handleCallback.DomHandler.onerror (C:\Users\ohwei\AppData\Roaming\npm\node_modules\markbind-cli\node_modules\domhandler\index.js:52:8)
2023-12-13T14:46:23.393Z - error:  YAMLException: end of the stream or a document separator is expected at line 2, column 21:
      title: {Category} - {Question Title}
                        ^
    at generateError (C:\Users\ohwei\AppData\Roaming\npm\node_modules\markbind-cli\node_modules\js-yaml\lib\js-yaml\loader.js:167:10)
    at throwError (C:\Users\ohwei\AppData\Roaming\npm\node_modules\markbind-cli\node_modules\js-yaml\lib\js-yaml\loader.js:173:9)
    at readDocument (C:\Users\ohwei\AppData\Roaming\npm\node_modules\markbind-cli\node_modules\js-yaml\lib\js-yaml\loader.js:1545:5)
    at loadDocuments (C:\Users\ohwei\AppData\Roaming\npm\node_modules\markbind-cli\node_modules\js-yaml\lib\js-yaml\loader.js:1588:5)
    at load (C:\Users\ohwei\AppData\Roaming\npm\node_modules\markbind-cli\node_modules\js-yaml\lib\js-yaml\loader.js:1614:19)
    at fastmatter (C:\Users\ohwei\AppData\Roaming\npm\node_modules\markbind-cli\node_modules\fastmatter\index.js:48:37)
    at NodeProcessor._processFrontmatter (C:\Users\ohwei\AppData\Roaming\npm\node_modules\markbind-cli\node_modules\@markbind\core\src\html\NodeProcessor.js:122:34)
    at NodeProcessor.processNode (C:\Users\ohwei\AppData\Roaming\npm\node_modules\markbind-cli\node_modules\@markbind\core\src\html\NodeProcessor.js:164:26)
    at NodeProcessor.traverse (C:\Users\ohwei\AppData\Roaming\npm\node_modules\markbind-cli\node_modules\@markbind\core\src\html\NodeProcessor.js:326:24)
    at C:\Users\ohwei\AppData\Roaming\npm\node_modules\markbind-cli\node_modules\@markbind\core\src\html\NodeProcessor.js:330:22
    at Array.forEach (<anonymous>)
    at NodeProcessor.traverse (C:\Users\ohwei\AppData\Roaming\npm\node_modules\markbind-cli\node_modules\@markbind\core\src\html\NodeProcessor.js:329:27)
    at C:\Users\ohwei\AppData\Roaming\npm\node_modules\markbind-cli\node_modules\@markbind\core\src\html\NodeProcessor.js:353:42
    at Array.map (<anonymous>)
    at DomHandler._callback (C:\Users\ohwei\AppData\Roaming\npm\node_modules\markbind-cli\node_modules\@markbind\core\src\html\NodeProcessor.js:350:43)
    at DomHandler._handleCallback.DomHandler.onerror (C:\Users\ohwei\AppData\Roaming\npm\node_modules\markbind-cli\node_modules\domhandler\index.js:52:8)
2023-12-13T14:46:23.456Z - info: Pages built
2023-12-13T14:46:27.263Z - info: [下午10:46:27] Reload for file add: C:\Users\ohwei\OneDrive\Documents\Project\Leetcode\contents\arrays-and-hashing\contains-duplicate.md
2023-12-13T14:46:27.368Z - info: [下午10:46:27] Reload for file deletion: C:\Users\ohwei\OneDrive\Documents\Project\Leetcode\contents\arrays-and-hashing\contain-duplicate.md
2023-12-13T14:46:28.273Z - info: Pages or site config modified, updating pages...
2023-12-13T14:46:29.285Z - debug: Assets removed
2023-12-13T14:46:29.286Z - warn: Rebuilding all pages...
2023-12-13T14:46:29.286Z - info: Generating pages...
2023-12-13T14:46:29.291Z - error:  YAMLException: end of the stream or a document separator is expected at line 2, column 21:
      title: {Category} - {Question Title}
                        ^
    at generateError (C:\Users\ohwei\AppData\Roaming\npm\node_modules\markbind-cli\node_modules\js-yaml\lib\js-yaml\loader.js:167:10)
    at throwError (C:\Users\ohwei\AppData\Roaming\npm\node_modules\markbind-cli\node_modules\js-yaml\lib\js-yaml\loader.js:173:9)
    at readDocument (C:\Users\ohwei\AppData\Roaming\npm\node_modules\markbind-cli\node_modules\js-yaml\lib\js-yaml\loader.js:1545:5)
    at loadDocuments (C:\Users\ohwei\AppData\Roaming\npm\node_modules\markbind-cli\node_modules\js-yaml\lib\js-yaml\loader.js:1588:5)
    at load (C:\Users\ohwei\AppData\Roaming\npm\node_modules\markbind-cli\node_modules\js-yaml\lib\js-yaml\loader.js:1614:19)
    at fastmatter (C:\Users\ohwei\AppData\Roaming\npm\node_modules\markbind-cli\node_modules\fastmatter\index.js:48:37)
    at NodeProcessor._processFrontmatter (C:\Users\ohwei\AppData\Roaming\npm\node_modules\markbind-cli\node_modules\@markbind\core\src\html\NodeProcessor.js:122:34)
    at NodeProcessor.processNode (C:\Users\ohwei\AppData\Roaming\npm\node_modules\markbind-cli\node_modules\@markbind\core\src\html\NodeProcessor.js:164:26)
    at NodeProcessor.traverse (C:\Users\ohwei\AppData\Roaming\npm\node_modules\markbind-cli\node_modules\@markbind\core\src\html\NodeProcessor.js:326:24)
    at C:\Users\ohwei\AppData\Roaming\npm\node_modules\markbind-cli\node_modules\@markbind\core\src\html\NodeProcessor.js:330:22
    at Array.forEach (<anonymous>)
    at NodeProcessor.traverse (C:\Users\ohwei\AppData\Roaming\npm\node_modules\markbind-cli\node_modules\@markbind\core\src\html\NodeProcessor.js:329:27)
    at C:\Users\ohwei\AppData\Roaming\npm\node_modules\markbind-cli\node_modules\@markbind\core\src\html\NodeProcessor.js:353:42
    at Array.map (<anonymous>)
    at DomHandler._callback (C:\Users\ohwei\AppData\Roaming\npm\node_modules\markbind-cli\node_modules\@markbind\core\src\html\NodeProcessor.js:350:43)
    at DomHandler._handleCallback.DomHandler.onerror (C:\Users\ohwei\AppData\Roaming\npm\node_modules\markbind-cli\node_modules\domhandler\index.js:52:8)
2023-12-13T14:46:29.304Z - error:  YAMLException: end of the stream or a document separator is expected at line 2, column 21:
      title: {Category} - {Question Title}
                        ^
    at generateError (C:\Users\ohwei\AppData\Roaming\npm\node_modules\markbind-cli\node_modules\js-yaml\lib\js-yaml\loader.js:167:10)
    at throwError (C:\Users\ohwei\AppData\Roaming\npm\node_modules\markbind-cli\node_modules\js-yaml\lib\js-yaml\loader.js:173:9)
    at readDocument (C:\Users\ohwei\AppData\Roaming\npm\node_modules\markbind-cli\node_modules\js-yaml\lib\js-yaml\loader.js:1545:5)
    at loadDocuments (C:\Users\ohwei\AppData\Roaming\npm\node_modules\markbind-cli\node_modules\js-yaml\lib\js-yaml\loader.js:1588:5)
    at load (C:\Users\ohwei\AppData\Roaming\npm\node_modules\markbind-cli\node_modules\js-yaml\lib\js-yaml\loader.js:1614:19)
    at fastmatter (C:\Users\ohwei\AppData\Roaming\npm\node_modules\markbind-cli\node_modules\fastmatter\index.js:48:37)
    at NodeProcessor._processFrontmatter (C:\Users\ohwei\AppData\Roaming\npm\node_modules\markbind-cli\node_modules\@markbind\core\src\html\NodeProcessor.js:122:34)
    at NodeProcessor.processNode (C:\Users\ohwei\AppData\Roaming\npm\node_modules\markbind-cli\node_modules\@markbind\core\src\html\NodeProcessor.js:164:26)
    at NodeProcessor.traverse (C:\Users\ohwei\AppData\Roaming\npm\node_modules\markbind-cli\node_modules\@markbind\core\src\html\NodeProcessor.js:326:24)
    at C:\Users\ohwei\AppData\Roaming\npm\node_modules\markbind-cli\node_modules\@markbind\core\src\html\NodeProcessor.js:330:22
    at Array.forEach (<anonymous>)
    at NodeProcessor.traverse (C:\Users\ohwei\AppData\Roaming\npm\node_modules\markbind-cli\node_modules\@markbind\core\src\html\NodeProcessor.js:329:27)
    at C:\Users\ohwei\AppData\Roaming\npm\node_modules\markbind-cli\node_modules\@markbind\core\src\html\NodeProcessor.js:353:42
    at Array.map (<anonymous>)
    at DomHandler._callback (C:\Users\ohwei\AppData\Roaming\npm\node_modules\markbind-cli\node_modules\@markbind\core\src\html\NodeProcessor.js:350:43)
    at DomHandler._handleCallback.DomHandler.onerror (C:\Users\ohwei\AppData\Roaming\npm\node_modules\markbind-cli\node_modules\domhandler\index.js:52:8)
2023-12-13T14:46:29.360Z - info: Pages built
2023-12-13T14:50:13.924Z - info: [下午10:50:13] Reload for file change: C:\Users\ohwei\OneDrive\Documents\Project\Leetcode\contents\arrays-and-hashing\contains-duplicate.md
2023-12-13T14:50:14.927Z - info: Rebuilding 1 pages
2023-12-13T14:50:14.957Z - info: Site data built
2023-12-13T14:50:14.957Z - info: Pages rebuilt
2023-12-13T14:50:14.957Z - info: Website regeneration complete! Total build time: 0.03s
2023-12-13T14:51:30.575Z - info: [下午10:51:30] Reload for file change: C:\Users\ohwei\OneDrive\Documents\Project\Leetcode\_markbind\layouts\default.md
2023-12-13T14:51:31.595Z - info: Rebuilding 4 pages
2023-12-13T14:51:31.612Z - error:  YAMLException: end of the stream or a document separator is expected at line 2, column 21:
      title: {Category} - {Question Title}
                        ^
    at generateError (C:\Users\ohwei\AppData\Roaming\npm\node_modules\markbind-cli\node_modules\js-yaml\lib\js-yaml\loader.js:167:10)
    at throwError (C:\Users\ohwei\AppData\Roaming\npm\node_modules\markbind-cli\node_modules\js-yaml\lib\js-yaml\loader.js:173:9)
    at readDocument (C:\Users\ohwei\AppData\Roaming\npm\node_modules\markbind-cli\node_modules\js-yaml\lib\js-yaml\loader.js:1545:5)
    at loadDocuments (C:\Users\ohwei\AppData\Roaming\npm\node_modules\markbind-cli\node_modules\js-yaml\lib\js-yaml\loader.js:1588:5)
    at load (C:\Users\ohwei\AppData\Roaming\npm\node_modules\markbind-cli\node_modules\js-yaml\lib\js-yaml\loader.js:1614:19)
    at fastmatter (C:\Users\ohwei\AppData\Roaming\npm\node_modules\markbind-cli\node_modules\fastmatter\index.js:48:37)
    at NodeProcessor._processFrontmatter (C:\Users\ohwei\AppData\Roaming\npm\node_modules\markbind-cli\node_modules\@markbind\core\src\html\NodeProcessor.js:122:34)
    at NodeProcessor.processNode (C:\Users\ohwei\AppData\Roaming\npm\node_modules\markbind-cli\node_modules\@markbind\core\src\html\NodeProcessor.js:164:26)
    at NodeProcessor.traverse (C:\Users\ohwei\AppData\Roaming\npm\node_modules\markbind-cli\node_modules\@markbind\core\src\html\NodeProcessor.js:326:24)
    at C:\Users\ohwei\AppData\Roaming\npm\node_modules\markbind-cli\node_modules\@markbind\core\src\html\NodeProcessor.js:330:22
    at Array.forEach (<anonymous>)
    at NodeProcessor.traverse (C:\Users\ohwei\AppData\Roaming\npm\node_modules\markbind-cli\node_modules\@markbind\core\src\html\NodeProcessor.js:329:27)
    at C:\Users\ohwei\AppData\Roaming\npm\node_modules\markbind-cli\node_modules\@markbind\core\src\html\NodeProcessor.js:353:42
    at Array.map (<anonymous>)
    at DomHandler._callback (C:\Users\ohwei\AppData\Roaming\npm\node_modules\markbind-cli\node_modules\@markbind\core\src\html\NodeProcessor.js:350:43)
    at DomHandler._handleCallback.DomHandler.onerror (C:\Users\ohwei\AppData\Roaming\npm\node_modules\markbind-cli\node_modules\domhandler\index.js:52:8)
2023-12-13T14:51:31.688Z - info: Site data built
2023-12-13T14:51:31.688Z - info: Pages rebuilt
2023-12-13T14:51:31.688Z - info: Website regeneration complete! Total build time: 0.094s
2023-12-13T14:53:10.466Z - info: [下午10:53:10] Reload for file change: C:\Users\ohwei\OneDrive\Documents\Project\Leetcode\_markbind\layouts\default.md
2023-12-13T14:53:11.490Z - info: Rebuilding 4 pages
2023-12-13T14:53:11.513Z - error:  YAMLException: end of the stream or a document separator is expected at line 2, column 21:
      title: {Category} - {Question Title}
                        ^
    at generateError (C:\Users\ohwei\AppData\Roaming\npm\node_modules\markbind-cli\node_modules\js-yaml\lib\js-yaml\loader.js:167:10)
    at throwError (C:\Users\ohwei\AppData\Roaming\npm\node_modules\markbind-cli\node_modules\js-yaml\lib\js-yaml\loader.js:173:9)
    at readDocument (C:\Users\ohwei\AppData\Roaming\npm\node_modules\markbind-cli\node_modules\js-yaml\lib\js-yaml\loader.js:1545:5)
    at loadDocuments (C:\Users\ohwei\AppData\Roaming\npm\node_modules\markbind-cli\node_modules\js-yaml\lib\js-yaml\loader.js:1588:5)
    at load (C:\Users\ohwei\AppData\Roaming\npm\node_modules\markbind-cli\node_modules\js-yaml\lib\js-yaml\loader.js:1614:19)
    at fastmatter (C:\Users\ohwei\AppData\Roaming\npm\node_modules\markbind-cli\node_modules\fastmatter\index.js:48:37)
    at NodeProcessor._processFrontmatter (C:\Users\ohwei\AppData\Roaming\npm\node_modules\markbind-cli\node_modules\@markbind\core\src\html\NodeProcessor.js:122:34)
    at NodeProcessor.processNode (C:\Users\ohwei\AppData\Roaming\npm\node_modules\markbind-cli\node_modules\@markbind\core\src\html\NodeProcessor.js:164:26)
    at NodeProcessor.traverse (C:\Users\ohwei\AppData\Roaming\npm\node_modules\markbind-cli\node_modules\@markbind\core\src\html\NodeProcessor.js:326:24)
    at C:\Users\ohwei\AppData\Roaming\npm\node_modules\markbind-cli\node_modules\@markbind\core\src\html\NodeProcessor.js:330:22
    at Array.forEach (<anonymous>)
    at NodeProcessor.traverse (C:\Users\ohwei\AppData\Roaming\npm\node_modules\markbind-cli\node_modules\@markbind\core\src\html\NodeProcessor.js:329:27)
    at C:\Users\ohwei\AppData\Roaming\npm\node_modules\markbind-cli\node_modules\@markbind\core\src\html\NodeProcessor.js:353:42
    at Array.map (<anonymous>)
    at DomHandler._callback (C:\Users\ohwei\AppData\Roaming\npm\node_modules\markbind-cli\node_modules\@markbind\core\src\html\NodeProcessor.js:350:43)
    at DomHandler._handleCallback.DomHandler.onerror (C:\Users\ohwei\AppData\Roaming\npm\node_modules\markbind-cli\node_modules\domhandler\index.js:52:8)
2023-12-13T14:53:11.586Z - info: Site data built
2023-12-13T14:53:11.587Z - info: Pages rebuilt
2023-12-13T14:53:11.587Z - info: Website regeneration complete! Total build time: 0.098s
2023-12-13T14:55:58.967Z - info: [下午10:55:58] Reload for file change: C:\Users\ohwei\OneDrive\Documents\Project\Leetcode\contents\arrays-and-hashing\contains-duplicate.md
2023-12-13T14:55:59.975Z - info: Rebuilding 1 pages
2023-12-13T14:56:00.010Z - info: Site data built
2023-12-13T14:56:00.010Z - info: Pages rebuilt
2023-12-13T14:56:00.010Z - info: Website regeneration complete! Total build time: 0.035s
2023-12-13T14:56:08.522Z - info: [下午10:56:08] Reload for file change: C:\Users\ohwei\OneDrive\Documents\Project\Leetcode\contents\arrays-and-hashing\contains-duplicate.md
2023-12-13T14:56:09.528Z - info: Rebuilding 1 pages
2023-12-13T14:56:09.556Z - info: Site data built
2023-12-13T14:56:09.556Z - info: Pages rebuilt
2023-12-13T14:56:09.556Z - info: Website regeneration complete! Total build time: 0.029s
2023-12-13T14:56:28.184Z - info: [下午10:56:28] Reload for file change: C:\Users\ohwei\OneDrive\Documents\Project\Leetcode\contents\arrays-and-hashing\contains-duplicate.md
2023-12-13T14:56:29.192Z - info: Rebuilding 1 pages
2023-12-13T14:56:29.220Z - info: Site data built
2023-12-13T14:56:29.220Z - info: Pages rebuilt
2023-12-13T14:56:29.221Z - info: Website regeneration complete! Total build time: 0.029s
2023-12-13T14:57:08.664Z - info: [下午10:57:08] Reload for file change: C:\Users\ohwei\OneDrive\Documents\Project\Leetcode\contents\stack\valid-parentheses.md
2023-12-13T14:57:09.668Z - info: Rebuilding 1 pages
2023-12-13T14:57:09.699Z - info: Site data built
2023-12-13T14:57:09.699Z - info: Pages rebuilt
2023-12-13T14:57:09.699Z - info: Website regeneration complete! Total build time: 0.032s
2023-12-13T14:59:32.411Z - info: [下午10:59:32] Reload for file change: C:\Users\ohwei\OneDrive\Documents\Project\Leetcode\contents\arrays-and-hashing\contains-duplicate.md
2023-12-13T14:59:33.420Z - info: Rebuilding 1 pages
2023-12-13T14:59:33.453Z - info: Site data built
2023-12-13T14:59:33.453Z - info: Pages rebuilt
2023-12-13T14:59:33.453Z - info: Website regeneration complete! Total build time: 0.034s
2023-12-13T15:01:29.691Z - info: [下午11:01:29] Reload for file change: C:\Users\ohwei\OneDrive\Documents\Project\Leetcode\site.json
2023-12-13T15:01:30.714Z - info: Pages or site config modified, updating pages...
2023-12-13T15:01:31.725Z - warn: Rebuilding all pages...
2023-12-13T15:01:31.725Z - info: Generating pages...
2023-12-13T15:01:31.755Z - error:  YAMLException: end of the stream or a document separator is expected at line 2, column 21:
      title: {Category} - {Question Title}
                        ^
    at generateError (C:\Users\ohwei\AppData\Roaming\npm\node_modules\markbind-cli\node_modules\js-yaml\lib\js-yaml\loader.js:167:10)
    at throwError (C:\Users\ohwei\AppData\Roaming\npm\node_modules\markbind-cli\node_modules\js-yaml\lib\js-yaml\loader.js:173:9)
    at readDocument (C:\Users\ohwei\AppData\Roaming\npm\node_modules\markbind-cli\node_modules\js-yaml\lib\js-yaml\loader.js:1545:5)
    at loadDocuments (C:\Users\ohwei\AppData\Roaming\npm\node_modules\markbind-cli\node_modules\js-yaml\lib\js-yaml\loader.js:1588:5)
    at load (C:\Users\ohwei\AppData\Roaming\npm\node_modules\markbind-cli\node_modules\js-yaml\lib\js-yaml\loader.js:1614:19)
    at fastmatter (C:\Users\ohwei\AppData\Roaming\npm\node_modules\markbind-cli\node_modules\fastmatter\index.js:48:37)
    at NodeProcessor._processFrontmatter (C:\Users\ohwei\AppData\Roaming\npm\node_modules\markbind-cli\node_modules\@markbind\core\src\html\NodeProcessor.js:122:34)
    at NodeProcessor.processNode (C:\Users\ohwei\AppData\Roaming\npm\node_modules\markbind-cli\node_modules\@markbind\core\src\html\NodeProcessor.js:164:26)
    at NodeProcessor.traverse (C:\Users\ohwei\AppData\Roaming\npm\node_modules\markbind-cli\node_modules\@markbind\core\src\html\NodeProcessor.js:326:24)
    at C:\Users\ohwei\AppData\Roaming\npm\node_modules\markbind-cli\node_modules\@markbind\core\src\html\NodeProcessor.js:330:22
    at Array.forEach (<anonymous>)
    at NodeProcessor.traverse (C:\Users\ohwei\AppData\Roaming\npm\node_modules\markbind-cli\node_modules\@markbind\core\src\html\NodeProcessor.js:329:27)
    at C:\Users\ohwei\AppData\Roaming\npm\node_modules\markbind-cli\node_modules\@markbind\core\src\html\NodeProcessor.js:353:42
    at Array.map (<anonymous>)
    at DomHandler._callback (C:\Users\ohwei\AppData\Roaming\npm\node_modules\markbind-cli\node_modules\@markbind\core\src\html\NodeProcessor.js:350:43)
    at DomHandler._handleCallback.DomHandler.onerror (C:\Users\ohwei\AppData\Roaming\npm\node_modules\markbind-cli\node_modules\domhandler\index.js:52:8)
2023-12-13T15:01:31.835Z - info: Pages built
2023-12-13T15:01:31.837Z - info: Site data built
